<?xml version="1.0" encoding="UTF-8"?>
<testsuite xmlns:xsi="http://www.w3.org/2001/XMLSchema-instance" xsi:noNamespaceSchemaLocation="https://maven.apache.org/surefire/maven-surefire-plugin/xsd/surefire-test-report.xsd" name="MapperTest" time="17.156" tests="1" errors="0" skipped="0" failures="0">
  <properties>
    <property name="sun.desktop" value="windows"/>
    <property name="awt.toolkit" value="sun.awt.windows.WToolkit"/>
    <property name="java.specification.version" value="11"/>
    <property name="sun.cpu.isalist" value="amd64"/>
    <property name="sun.jnu.encoding" value="GBK"/>
    <property name="java.class.path" value="D:\classDesign\Android\cat-pc\target\test-classes;D:\classDesign\Android\cat-pc\target\classes;D:\toolData\mavenRepository\org\springframework\boot\spring-boot-starter-web\2.3.12.RELEASE\spring-boot-starter-web-2.3.12.RELEASE.jar;D:\toolData\mavenRepository\org\springframework\boot\spring-boot-starter\2.3.12.RELEASE\spring-boot-starter-2.3.12.RELEASE.jar;D:\toolData\mavenRepository\org\springframework\boot\spring-boot\2.3.12.RELEASE\spring-boot-2.3.12.RELEASE.jar;D:\toolData\mavenRepository\org\springframework\boot\spring-boot-starter-logging\2.3.12.RELEASE\spring-boot-starter-logging-2.3.12.RELEASE.jar;D:\toolData\mavenRepository\ch\qos\logback\logback-classic\1.2.3\logback-classic-1.2.3.jar;D:\toolData\mavenRepository\ch\qos\logback\logback-core\1.2.3\logback-core-1.2.3.jar;D:\toolData\mavenRepository\org\apache\logging\log4j\log4j-to-slf4j\2.13.3\log4j-to-slf4j-2.13.3.jar;D:\toolData\mavenRepository\org\apache\logging\log4j\log4j-api\2.13.3\log4j-api-2.13.3.jar;D:\toolData\mavenRepository\org\slf4j\jul-to-slf4j\1.7.30\jul-to-slf4j-1.7.30.jar;D:\toolData\mavenRepository\jakarta\annotation\jakarta.annotation-api\1.3.5\jakarta.annotation-api-1.3.5.jar;D:\toolData\mavenRepository\org\yaml\snakeyaml\1.26\snakeyaml-1.26.jar;D:\toolData\mavenRepository\org\springframework\boot\spring-boot-starter-json\2.3.12.RELEASE\spring-boot-starter-json-2.3.12.RELEASE.jar;D:\toolData\mavenRepository\com\fasterxml\jackson\datatype\jackson-datatype-jdk8\2.11.4\jackson-datatype-jdk8-2.11.4.jar;D:\toolData\mavenRepository\com\fasterxml\jackson\datatype\jackson-datatype-jsr310\2.11.4\jackson-datatype-jsr310-2.11.4.jar;D:\toolData\mavenRepository\com\fasterxml\jackson\module\jackson-module-parameter-names\2.11.4\jackson-module-parameter-names-2.11.4.jar;D:\toolData\mavenRepository\org\springframework\boot\spring-boot-starter-tomcat\2.3.12.RELEASE\spring-boot-starter-tomcat-2.3.12.RELEASE.jar;D:\toolData\mavenRepository\org\apache\tomcat\embed\tomcat-embed-core\9.0.46\tomcat-embed-core-9.0.46.jar;D:\toolData\mavenRepository\org\glassfish\jakarta.el\3.0.3\jakarta.el-3.0.3.jar;D:\toolData\mavenRepository\org\apache\tomcat\embed\tomcat-embed-websocket\9.0.46\tomcat-embed-websocket-9.0.46.jar;D:\toolData\mavenRepository\org\springframework\spring-web\5.2.15.RELEASE\spring-web-5.2.15.RELEASE.jar;D:\toolData\mavenRepository\org\springframework\spring-beans\5.2.15.RELEASE\spring-beans-5.2.15.RELEASE.jar;D:\toolData\mavenRepository\org\springframework\spring-webmvc\5.2.15.RELEASE\spring-webmvc-5.2.15.RELEASE.jar;D:\toolData\mavenRepository\org\springframework\spring-context\5.2.15.RELEASE\spring-context-5.2.15.RELEASE.jar;D:\toolData\mavenRepository\org\springframework\spring-expression\5.2.15.RELEASE\spring-expression-5.2.15.RELEASE.jar;D:\toolData\mavenRepository\org\springframework\boot\spring-boot-starter-security\2.3.12.RELEASE\spring-boot-starter-security-2.3.12.RELEASE.jar;D:\toolData\mavenRepository\org\springframework\spring-aop\5.2.15.RELEASE\spring-aop-5.2.15.RELEASE.jar;D:\toolData\mavenRepository\org\springframework\security\spring-security-config\5.3.9.RELEASE\spring-security-config-5.3.9.RELEASE.jar;D:\toolData\mavenRepository\org\springframework\security\spring-security-core\5.3.9.RELEASE\spring-security-core-5.3.9.RELEASE.jar;D:\toolData\mavenRepository\org\springframework\security\spring-security-web\5.3.9.RELEASE\spring-security-web-5.3.9.RELEASE.jar;D:\toolData\mavenRepository\mysql\mysql-connector-java\8.0.25\mysql-connector-java-8.0.25.jar;D:\toolData\mavenRepository\com\oracle\ojdbc6\11.2.0.3\ojdbc6-11.2.0.3.jar;D:\toolData\mavenRepository\org\projectlombok\lombok\1.18.20\lombok-1.18.20.jar;D:\toolData\mavenRepository\org\springframework\boot\spring-boot-starter-test\2.3.12.RELEASE\spring-boot-starter-test-2.3.12.RELEASE.jar;D:\toolData\mavenRepository\org\springframework\boot\spring-boot-test\2.3.12.RELEASE\spring-boot-test-2.3.12.RELEASE.jar;D:\toolData\mavenRepository\org\springframework\boot\spring-boot-test-autoconfigure\2.3.12.RELEASE\spring-boot-test-autoconfigure-2.3.12.RELEASE.jar;D:\toolData\mavenRepository\com\jayway\jsonpath\json-path\2.4.0\json-path-2.4.0.jar;D:\toolData\mavenRepository\net\minidev\json-smart\2.3.1\json-smart-2.3.1.jar;D:\toolData\mavenRepository\net\minidev\accessors-smart\2.3.1\accessors-smart-2.3.1.jar;D:\toolData\mavenRepository\org\ow2\asm\asm\5.0.4\asm-5.0.4.jar;D:\toolData\mavenRepository\jakarta\xml\bind\jakarta.xml.bind-api\2.3.3\jakarta.xml.bind-api-2.3.3.jar;D:\toolData\mavenRepository\jakarta\activation\jakarta.activation-api\1.2.2\jakarta.activation-api-1.2.2.jar;D:\toolData\mavenRepository\org\assertj\assertj-core\3.16.1\assertj-core-3.16.1.jar;D:\toolData\mavenRepository\org\hamcrest\hamcrest\2.2\hamcrest-2.2.jar;D:\toolData\mavenRepository\org\junit\jupiter\junit-jupiter\5.6.3\junit-jupiter-5.6.3.jar;D:\toolData\mavenRepository\org\junit\jupiter\junit-jupiter-api\5.6.3\junit-jupiter-api-5.6.3.jar;D:\toolData\mavenRepository\org\opentest4j\opentest4j\1.2.0\opentest4j-1.2.0.jar;D:\toolData\mavenRepository\org\junit\platform\junit-platform-commons\1.6.3\junit-platform-commons-1.6.3.jar;D:\toolData\mavenRepository\org\junit\jupiter\junit-jupiter-params\5.6.3\junit-jupiter-params-5.6.3.jar;D:\toolData\mavenRepository\org\junit\jupiter\junit-jupiter-engine\5.6.3\junit-jupiter-engine-5.6.3.jar;D:\toolData\mavenRepository\org\junit\vintage\junit-vintage-engine\5.6.3\junit-vintage-engine-5.6.3.jar;D:\toolData\mavenRepository\org\apiguardian\apiguardian-api\1.1.0\apiguardian-api-1.1.0.jar;D:\toolData\mavenRepository\org\junit\platform\junit-platform-engine\1.6.3\junit-platform-engine-1.6.3.jar;D:\toolData\mavenRepository\junit\junit\4.13.2\junit-4.13.2.jar;D:\toolData\mavenRepository\org\mockito\mockito-core\3.3.3\mockito-core-3.3.3.jar;D:\toolData\mavenRepository\net\bytebuddy\byte-buddy\1.10.22\byte-buddy-1.10.22.jar;D:\toolData\mavenRepository\net\bytebuddy\byte-buddy-agent\1.10.22\byte-buddy-agent-1.10.22.jar;D:\toolData\mavenRepository\org\objenesis\objenesis\2.6\objenesis-2.6.jar;D:\toolData\mavenRepository\org\mockito\mockito-junit-jupiter\3.3.3\mockito-junit-jupiter-3.3.3.jar;D:\toolData\mavenRepository\org\skyscreamer\jsonassert\1.5.0\jsonassert-1.5.0.jar;D:\toolData\mavenRepository\com\vaadin\external\google\android-json\0.0.20131108.vaadin1\android-json-0.0.20131108.vaadin1.jar;D:\toolData\mavenRepository\org\springframework\spring-core\5.2.15.RELEASE\spring-core-5.2.15.RELEASE.jar;D:\toolData\mavenRepository\org\springframework\spring-jcl\5.2.15.RELEASE\spring-jcl-5.2.15.RELEASE.jar;D:\toolData\mavenRepository\org\springframework\spring-test\5.2.15.RELEASE\spring-test-5.2.15.RELEASE.jar;D:\toolData\mavenRepository\org\xmlunit\xmlunit-core\2.7.0\xmlunit-core-2.7.0.jar;D:\toolData\mavenRepository\com\baomidou\mybatis-plus-boot-starter\3.5.1\mybatis-plus-boot-starter-3.5.1.jar;D:\toolData\mavenRepository\com\baomidou\mybatis-plus\3.5.1\mybatis-plus-3.5.1.jar;D:\toolData\mavenRepository\com\baomidou\mybatis-plus-extension\3.5.1\mybatis-plus-extension-3.5.1.jar;D:\toolData\mavenRepository\com\baomidou\mybatis-plus-core\3.5.1\mybatis-plus-core-3.5.1.jar;D:\toolData\mavenRepository\com\baomidou\mybatis-plus-annotation\3.5.1\mybatis-plus-annotation-3.5.1.jar;D:\toolData\mavenRepository\com\github\jsqlparser\jsqlparser\4.3\jsqlparser-4.3.jar;D:\toolData\mavenRepository\org\mybatis\mybatis\3.5.9\mybatis-3.5.9.jar;D:\toolData\mavenRepository\org\mybatis\mybatis-spring\2.0.6\mybatis-spring-2.0.6.jar;D:\toolData\mavenRepository\org\springframework\boot\spring-boot-autoconfigure\2.3.12.RELEASE\spring-boot-autoconfigure-2.3.12.RELEASE.jar;D:\toolData\mavenRepository\org\springframework\boot\spring-boot-starter-jdbc\2.3.12.RELEASE\spring-boot-starter-jdbc-2.3.12.RELEASE.jar;D:\toolData\mavenRepository\com\zaxxer\HikariCP\3.4.5\HikariCP-3.4.5.jar;D:\toolData\mavenRepository\org\springframework\spring-jdbc\5.2.15.RELEASE\spring-jdbc-5.2.15.RELEASE.jar;D:\toolData\mavenRepository\com\alibaba\druid-spring-boot-starter\1.2.16\druid-spring-boot-starter-1.2.16.jar;D:\toolData\mavenRepository\com\alibaba\druid\1.2.16\druid-1.2.16.jar;D:\toolData\mavenRepository\org\slf4j\slf4j-api\1.7.30\slf4j-api-1.7.30.jar;D:\toolData\mavenRepository\com\baomidou\mybatis-plus-generator\3.5.1\mybatis-plus-generator-3.5.1.jar;D:\toolData\mavenRepository\org\freemarker\freemarker\2.3.28\freemarker-2.3.28.jar;D:\toolData\mavenRepository\com\github\xiaoymin\knife4j-spring-boot-starter\3.0.3\knife4j-spring-boot-starter-3.0.3.jar;D:\toolData\mavenRepository\com\github\xiaoymin\knife4j-spring-boot-autoconfigure\3.0.3\knife4j-spring-boot-autoconfigure-3.0.3.jar;D:\toolData\mavenRepository\com\github\xiaoymin\knife4j-spring\3.0.3\knife4j-spring-3.0.3.jar;D:\toolData\mavenRepository\com\github\xiaoymin\knife4j-annotations\3.0.3\knife4j-annotations-3.0.3.jar;D:\toolData\mavenRepository\io\swagger\swagger-annotations\1.5.22\swagger-annotations-1.5.22.jar;D:\toolData\mavenRepository\io\swagger\core\v3\swagger-annotations\2.1.2\swagger-annotations-2.1.2.jar;D:\toolData\mavenRepository\com\github\xiaoymin\knife4j-core\3.0.3\knife4j-core-3.0.3.jar;D:\toolData\mavenRepository\org\javassist\javassist\3.25.0-GA\javassist-3.25.0-GA.jar;D:\toolData\mavenRepository\io\springfox\springfox-swagger2\3.0.0\springfox-swagger2-3.0.0.jar;D:\toolData\mavenRepository\io\springfox\springfox-spi\3.0.0\springfox-spi-3.0.0.jar;D:\toolData\mavenRepository\io\springfox\springfox-schema\3.0.0\springfox-schema-3.0.0.jar;D:\toolData\mavenRepository\io\springfox\springfox-swagger-common\3.0.0\springfox-swagger-common-3.0.0.jar;D:\toolData\mavenRepository\io\springfox\springfox-spring-web\3.0.0\springfox-spring-web-3.0.0.jar;D:\toolData\mavenRepository\io\github\classgraph\classgraph\4.8.83\classgraph-4.8.83.jar;D:\toolData\mavenRepository\io\springfox\springfox-spring-webflux\3.0.0\springfox-spring-webflux-3.0.0.jar;D:\toolData\mavenRepository\org\mapstruct\mapstruct\1.3.1.Final\mapstruct-1.3.1.Final.jar;D:\toolData\mavenRepository\io\springfox\springfox-spring-webmvc\3.0.0\springfox-spring-webmvc-3.0.0.jar;D:\toolData\mavenRepository\io\springfox\springfox-core\3.0.0\springfox-core-3.0.0.jar;D:\toolData\mavenRepository\io\springfox\springfox-oas\3.0.0\springfox-oas-3.0.0.jar;D:\toolData\mavenRepository\io\swagger\core\v3\swagger-models\2.1.2\swagger-models-2.1.2.jar;D:\toolData\mavenRepository\io\springfox\springfox-bean-validators\3.0.0\springfox-bean-validators-3.0.0.jar;D:\toolData\mavenRepository\io\swagger\swagger-models\1.5.22\swagger-models-1.5.22.jar;D:\toolData\mavenRepository\io\swagger\swagger-core\1.5.22\swagger-core-1.5.22.jar;D:\toolData\mavenRepository\org\apache\commons\commons-lang3\3.10\commons-lang3-3.10.jar;D:\toolData\mavenRepository\com\fasterxml\jackson\dataformat\jackson-dataformat-yaml\2.11.4\jackson-dataformat-yaml-2.11.4.jar;D:\toolData\mavenRepository\com\google\guava\guava\27.0.1-android\guava-27.0.1-android.jar;D:\toolData\mavenRepository\com\google\guava\failureaccess\1.0.1\failureaccess-1.0.1.jar;D:\toolData\mavenRepository\com\google\guava\listenablefuture\9999.0-empty-to-avoid-conflict-with-guava\listenablefuture-9999.0-empty-to-avoid-conflict-with-guava.jar;D:\toolData\mavenRepository\com\google\code\findbugs\jsr305\3.0.2\jsr305-3.0.2.jar;D:\toolData\mavenRepository\org\checkerframework\checker-compat-qual\2.5.2\checker-compat-qual-2.5.2.jar;D:\toolData\mavenRepository\com\google\errorprone\error_prone_annotations\2.2.0\error_prone_annotations-2.2.0.jar;D:\toolData\mavenRepository\com\google\j2objc\j2objc-annotations\1.1\j2objc-annotations-1.1.jar;D:\toolData\mavenRepository\org\codehaus\mojo\animal-sniffer-annotations\1.17\animal-sniffer-annotations-1.17.jar;D:\toolData\mavenRepository\javax\validation\validation-api\2.0.1.Final\validation-api-2.0.1.Final.jar;D:\toolData\mavenRepository\io\springfox\springfox-boot-starter\3.0.0\springfox-boot-starter-3.0.0.jar;D:\toolData\mavenRepository\io\springfox\springfox-data-rest\3.0.0\springfox-data-rest-3.0.0.jar;D:\toolData\mavenRepository\com\fasterxml\classmate\1.5.1\classmate-1.5.1.jar;D:\toolData\mavenRepository\org\springframework\plugin\spring-plugin-core\2.0.0.RELEASE\spring-plugin-core-2.0.0.RELEASE.jar;D:\toolData\mavenRepository\org\springframework\plugin\spring-plugin-metadata\2.0.0.RELEASE\spring-plugin-metadata-2.0.0.RELEASE.jar;D:\toolData\mavenRepository\com\github\xiaoymin\knife4j-spring-ui\3.0.3\knife4j-spring-ui-3.0.3.jar;D:\toolData\mavenRepository\io\jsonwebtoken\jjwt\0.9.1\jjwt-0.9.1.jar;D:\toolData\mavenRepository\com\fasterxml\jackson\core\jackson-databind\2.11.4\jackson-databind-2.11.4.jar;D:\toolData\mavenRepository\com\fasterxml\jackson\core\jackson-annotations\2.11.4\jackson-annotations-2.11.4.jar;D:\toolData\mavenRepository\com\fasterxml\jackson\core\jackson-core\2.11.4\jackson-core-2.11.4.jar;D:\toolData\mavenRepository\org\springframework\boot\spring-boot-starter-data-redis\2.3.12.RELEASE\spring-boot-starter-data-redis-2.3.12.RELEASE.jar;D:\toolData\mavenRepository\org\springframework\data\spring-data-redis\2.3.9.RELEASE\spring-data-redis-2.3.9.RELEASE.jar;D:\toolData\mavenRepository\org\springframework\data\spring-data-keyvalue\2.3.9.RELEASE\spring-data-keyvalue-2.3.9.RELEASE.jar;D:\toolData\mavenRepository\org\springframework\data\spring-data-commons\2.3.9.RELEASE\spring-data-commons-2.3.9.RELEASE.jar;D:\toolData\mavenRepository\org\springframework\spring-tx\5.2.15.RELEASE\spring-tx-5.2.15.RELEASE.jar;D:\toolData\mavenRepository\org\springframework\spring-oxm\5.2.15.RELEASE\spring-oxm-5.2.15.RELEASE.jar;D:\toolData\mavenRepository\org\springframework\spring-context-support\5.2.15.RELEASE\spring-context-support-5.2.15.RELEASE.jar;D:\toolData\mavenRepository\io\lettuce\lettuce-core\5.3.7.RELEASE\lettuce-core-5.3.7.RELEASE.jar;D:\toolData\mavenRepository\io\netty\netty-common\4.1.65.Final\netty-common-4.1.65.Final.jar;D:\toolData\mavenRepository\io\netty\netty-handler\4.1.65.Final\netty-handler-4.1.65.Final.jar;D:\toolData\mavenRepository\io\netty\netty-resolver\4.1.65.Final\netty-resolver-4.1.65.Final.jar;D:\toolData\mavenRepository\io\netty\netty-buffer\4.1.65.Final\netty-buffer-4.1.65.Final.jar;D:\toolData\mavenRepository\io\netty\netty-codec\4.1.65.Final\netty-codec-4.1.65.Final.jar;D:\toolData\mavenRepository\io\netty\netty-transport\4.1.65.Final\netty-transport-4.1.65.Final.jar;D:\toolData\mavenRepository\io\projectreactor\reactor-core\3.3.17.RELEASE\reactor-core-3.3.17.RELEASE.jar;D:\toolData\mavenRepository\org\reactivestreams\reactive-streams\1.0.3\reactive-streams-1.0.3.jar;D:\toolData\mavenRepository\commons-io\commons-io\2.11.0\commons-io-2.11.0.jar;"/>
    <property name="java.vm.vendor" value="JetBrains s.r.o."/>
    <property name="sun.arch.data.model" value="64"/>
    <property name="user.variant" value=""/>
    <property name="java.vendor.url" value="https://openjdk.java.net/"/>
    <property name="user.timezone" value="Asia/Shanghai"/>
    <property name="java.vm.specification.version" value="11"/>
    <property name="os.name" value="Windows 10"/>
    <property name="sun.java.launcher" value="SUN_STANDARD"/>
    <property name="user.country" value="CN"/>
    <property name="sun.boot.library.path" value="D:\tool\idea\jbr\bin"/>
    <property name="sun.java.command" value="C:\Users\qinhy\AppData\Local\Temp\surefire6361361973159461101\surefirebooter10878824801252940040.jar C:\Users\qinhy\AppData\Local\Temp\surefire6361361973159461101 2024-01-09T16-03-47_147-jvmRun1 surefire267566389644500481tmp surefire_04569189281329878299tmp"/>
    <property name="jdk.debug" value="release"/>
    <property name="surefire.test.class.path" value="D:\classDesign\Android\cat-pc\target\test-classes;D:\classDesign\Android\cat-pc\target\classes;D:\toolData\mavenRepository\org\springframework\boot\spring-boot-starter-web\2.3.12.RELEASE\spring-boot-starter-web-2.3.12.RELEASE.jar;D:\toolData\mavenRepository\org\springframework\boot\spring-boot-starter\2.3.12.RELEASE\spring-boot-starter-2.3.12.RELEASE.jar;D:\toolData\mavenRepository\org\springframework\boot\spring-boot\2.3.12.RELEASE\spring-boot-2.3.12.RELEASE.jar;D:\toolData\mavenRepository\org\springframework\boot\spring-boot-starter-logging\2.3.12.RELEASE\spring-boot-starter-logging-2.3.12.RELEASE.jar;D:\toolData\mavenRepository\ch\qos\logback\logback-classic\1.2.3\logback-classic-1.2.3.jar;D:\toolData\mavenRepository\ch\qos\logback\logback-core\1.2.3\logback-core-1.2.3.jar;D:\toolData\mavenRepository\org\apache\logging\log4j\log4j-to-slf4j\2.13.3\log4j-to-slf4j-2.13.3.jar;D:\toolData\mavenRepository\org\apache\logging\log4j\log4j-api\2.13.3\log4j-api-2.13.3.jar;D:\toolData\mavenRepository\org\slf4j\jul-to-slf4j\1.7.30\jul-to-slf4j-1.7.30.jar;D:\toolData\mavenRepository\jakarta\annotation\jakarta.annotation-api\1.3.5\jakarta.annotation-api-1.3.5.jar;D:\toolData\mavenRepository\org\yaml\snakeyaml\1.26\snakeyaml-1.26.jar;D:\toolData\mavenRepository\org\springframework\boot\spring-boot-starter-json\2.3.12.RELEASE\spring-boot-starter-json-2.3.12.RELEASE.jar;D:\toolData\mavenRepository\com\fasterxml\jackson\datatype\jackson-datatype-jdk8\2.11.4\jackson-datatype-jdk8-2.11.4.jar;D:\toolData\mavenRepository\com\fasterxml\jackson\datatype\jackson-datatype-jsr310\2.11.4\jackson-datatype-jsr310-2.11.4.jar;D:\toolData\mavenRepository\com\fasterxml\jackson\module\jackson-module-parameter-names\2.11.4\jackson-module-parameter-names-2.11.4.jar;D:\toolData\mavenRepository\org\springframework\boot\spring-boot-starter-tomcat\2.3.12.RELEASE\spring-boot-starter-tomcat-2.3.12.RELEASE.jar;D:\toolData\mavenRepository\org\apache\tomcat\embed\tomcat-embed-core\9.0.46\tomcat-embed-core-9.0.46.jar;D:\toolData\mavenRepository\org\glassfish\jakarta.el\3.0.3\jakarta.el-3.0.3.jar;D:\toolData\mavenRepository\org\apache\tomcat\embed\tomcat-embed-websocket\9.0.46\tomcat-embed-websocket-9.0.46.jar;D:\toolData\mavenRepository\org\springframework\spring-web\5.2.15.RELEASE\spring-web-5.2.15.RELEASE.jar;D:\toolData\mavenRepository\org\springframework\spring-beans\5.2.15.RELEASE\spring-beans-5.2.15.RELEASE.jar;D:\toolData\mavenRepository\org\springframework\spring-webmvc\5.2.15.RELEASE\spring-webmvc-5.2.15.RELEASE.jar;D:\toolData\mavenRepository\org\springframework\spring-context\5.2.15.RELEASE\spring-context-5.2.15.RELEASE.jar;D:\toolData\mavenRepository\org\springframework\spring-expression\5.2.15.RELEASE\spring-expression-5.2.15.RELEASE.jar;D:\toolData\mavenRepository\org\springframework\boot\spring-boot-starter-security\2.3.12.RELEASE\spring-boot-starter-security-2.3.12.RELEASE.jar;D:\toolData\mavenRepository\org\springframework\spring-aop\5.2.15.RELEASE\spring-aop-5.2.15.RELEASE.jar;D:\toolData\mavenRepository\org\springframework\security\spring-security-config\5.3.9.RELEASE\spring-security-config-5.3.9.RELEASE.jar;D:\toolData\mavenRepository\org\springframework\security\spring-security-core\5.3.9.RELEASE\spring-security-core-5.3.9.RELEASE.jar;D:\toolData\mavenRepository\org\springframework\security\spring-security-web\5.3.9.RELEASE\spring-security-web-5.3.9.RELEASE.jar;D:\toolData\mavenRepository\mysql\mysql-connector-java\8.0.25\mysql-connector-java-8.0.25.jar;D:\toolData\mavenRepository\com\oracle\ojdbc6\11.2.0.3\ojdbc6-11.2.0.3.jar;D:\toolData\mavenRepository\org\projectlombok\lombok\1.18.20\lombok-1.18.20.jar;D:\toolData\mavenRepository\org\springframework\boot\spring-boot-starter-test\2.3.12.RELEASE\spring-boot-starter-test-2.3.12.RELEASE.jar;D:\toolData\mavenRepository\org\springframework\boot\spring-boot-test\2.3.12.RELEASE\spring-boot-test-2.3.12.RELEASE.jar;D:\toolData\mavenRepository\org\springframework\boot\spring-boot-test-autoconfigure\2.3.12.RELEASE\spring-boot-test-autoconfigure-2.3.12.RELEASE.jar;D:\toolData\mavenRepository\com\jayway\jsonpath\json-path\2.4.0\json-path-2.4.0.jar;D:\toolData\mavenRepository\net\minidev\json-smart\2.3.1\json-smart-2.3.1.jar;D:\toolData\mavenRepository\net\minidev\accessors-smart\2.3.1\accessors-smart-2.3.1.jar;D:\toolData\mavenRepository\org\ow2\asm\asm\5.0.4\asm-5.0.4.jar;D:\toolData\mavenRepository\jakarta\xml\bind\jakarta.xml.bind-api\2.3.3\jakarta.xml.bind-api-2.3.3.jar;D:\toolData\mavenRepository\jakarta\activation\jakarta.activation-api\1.2.2\jakarta.activation-api-1.2.2.jar;D:\toolData\mavenRepository\org\assertj\assertj-core\3.16.1\assertj-core-3.16.1.jar;D:\toolData\mavenRepository\org\hamcrest\hamcrest\2.2\hamcrest-2.2.jar;D:\toolData\mavenRepository\org\junit\jupiter\junit-jupiter\5.6.3\junit-jupiter-5.6.3.jar;D:\toolData\mavenRepository\org\junit\jupiter\junit-jupiter-api\5.6.3\junit-jupiter-api-5.6.3.jar;D:\toolData\mavenRepository\org\opentest4j\opentest4j\1.2.0\opentest4j-1.2.0.jar;D:\toolData\mavenRepository\org\junit\platform\junit-platform-commons\1.6.3\junit-platform-commons-1.6.3.jar;D:\toolData\mavenRepository\org\junit\jupiter\junit-jupiter-params\5.6.3\junit-jupiter-params-5.6.3.jar;D:\toolData\mavenRepository\org\junit\jupiter\junit-jupiter-engine\5.6.3\junit-jupiter-engine-5.6.3.jar;D:\toolData\mavenRepository\org\junit\vintage\junit-vintage-engine\5.6.3\junit-vintage-engine-5.6.3.jar;D:\toolData\mavenRepository\org\apiguardian\apiguardian-api\1.1.0\apiguardian-api-1.1.0.jar;D:\toolData\mavenRepository\org\junit\platform\junit-platform-engine\1.6.3\junit-platform-engine-1.6.3.jar;D:\toolData\mavenRepository\junit\junit\4.13.2\junit-4.13.2.jar;D:\toolData\mavenRepository\org\mockito\mockito-core\3.3.3\mockito-core-3.3.3.jar;D:\toolData\mavenRepository\net\bytebuddy\byte-buddy\1.10.22\byte-buddy-1.10.22.jar;D:\toolData\mavenRepository\net\bytebuddy\byte-buddy-agent\1.10.22\byte-buddy-agent-1.10.22.jar;D:\toolData\mavenRepository\org\objenesis\objenesis\2.6\objenesis-2.6.jar;D:\toolData\mavenRepository\org\mockito\mockito-junit-jupiter\3.3.3\mockito-junit-jupiter-3.3.3.jar;D:\toolData\mavenRepository\org\skyscreamer\jsonassert\1.5.0\jsonassert-1.5.0.jar;D:\toolData\mavenRepository\com\vaadin\external\google\android-json\0.0.20131108.vaadin1\android-json-0.0.20131108.vaadin1.jar;D:\toolData\mavenRepository\org\springframework\spring-core\5.2.15.RELEASE\spring-core-5.2.15.RELEASE.jar;D:\toolData\mavenRepository\org\springframework\spring-jcl\5.2.15.RELEASE\spring-jcl-5.2.15.RELEASE.jar;D:\toolData\mavenRepository\org\springframework\spring-test\5.2.15.RELEASE\spring-test-5.2.15.RELEASE.jar;D:\toolData\mavenRepository\org\xmlunit\xmlunit-core\2.7.0\xmlunit-core-2.7.0.jar;D:\toolData\mavenRepository\com\baomidou\mybatis-plus-boot-starter\3.5.1\mybatis-plus-boot-starter-3.5.1.jar;D:\toolData\mavenRepository\com\baomidou\mybatis-plus\3.5.1\mybatis-plus-3.5.1.jar;D:\toolData\mavenRepository\com\baomidou\mybatis-plus-extension\3.5.1\mybatis-plus-extension-3.5.1.jar;D:\toolData\mavenRepository\com\baomidou\mybatis-plus-core\3.5.1\mybatis-plus-core-3.5.1.jar;D:\toolData\mavenRepository\com\baomidou\mybatis-plus-annotation\3.5.1\mybatis-plus-annotation-3.5.1.jar;D:\toolData\mavenRepository\com\github\jsqlparser\jsqlparser\4.3\jsqlparser-4.3.jar;D:\toolData\mavenRepository\org\mybatis\mybatis\3.5.9\mybatis-3.5.9.jar;D:\toolData\mavenRepository\org\mybatis\mybatis-spring\2.0.6\mybatis-spring-2.0.6.jar;D:\toolData\mavenRepository\org\springframework\boot\spring-boot-autoconfigure\2.3.12.RELEASE\spring-boot-autoconfigure-2.3.12.RELEASE.jar;D:\toolData\mavenRepository\org\springframework\boot\spring-boot-starter-jdbc\2.3.12.RELEASE\spring-boot-starter-jdbc-2.3.12.RELEASE.jar;D:\toolData\mavenRepository\com\zaxxer\HikariCP\3.4.5\HikariCP-3.4.5.jar;D:\toolData\mavenRepository\org\springframework\spring-jdbc\5.2.15.RELEASE\spring-jdbc-5.2.15.RELEASE.jar;D:\toolData\mavenRepository\com\alibaba\druid-spring-boot-starter\1.2.16\druid-spring-boot-starter-1.2.16.jar;D:\toolData\mavenRepository\com\alibaba\druid\1.2.16\druid-1.2.16.jar;D:\toolData\mavenRepository\org\slf4j\slf4j-api\1.7.30\slf4j-api-1.7.30.jar;D:\toolData\mavenRepository\com\baomidou\mybatis-plus-generator\3.5.1\mybatis-plus-generator-3.5.1.jar;D:\toolData\mavenRepository\org\freemarker\freemarker\2.3.28\freemarker-2.3.28.jar;D:\toolData\mavenRepository\com\github\xiaoymin\knife4j-spring-boot-starter\3.0.3\knife4j-spring-boot-starter-3.0.3.jar;D:\toolData\mavenRepository\com\github\xiaoymin\knife4j-spring-boot-autoconfigure\3.0.3\knife4j-spring-boot-autoconfigure-3.0.3.jar;D:\toolData\mavenRepository\com\github\xiaoymin\knife4j-spring\3.0.3\knife4j-spring-3.0.3.jar;D:\toolData\mavenRepository\com\github\xiaoymin\knife4j-annotations\3.0.3\knife4j-annotations-3.0.3.jar;D:\toolData\mavenRepository\io\swagger\swagger-annotations\1.5.22\swagger-annotations-1.5.22.jar;D:\toolData\mavenRepository\io\swagger\core\v3\swagger-annotations\2.1.2\swagger-annotations-2.1.2.jar;D:\toolData\mavenRepository\com\github\xiaoymin\knife4j-core\3.0.3\knife4j-core-3.0.3.jar;D:\toolData\mavenRepository\org\javassist\javassist\3.25.0-GA\javassist-3.25.0-GA.jar;D:\toolData\mavenRepository\io\springfox\springfox-swagger2\3.0.0\springfox-swagger2-3.0.0.jar;D:\toolData\mavenRepository\io\springfox\springfox-spi\3.0.0\springfox-spi-3.0.0.jar;D:\toolData\mavenRepository\io\springfox\springfox-schema\3.0.0\springfox-schema-3.0.0.jar;D:\toolData\mavenRepository\io\springfox\springfox-swagger-common\3.0.0\springfox-swagger-common-3.0.0.jar;D:\toolData\mavenRepository\io\springfox\springfox-spring-web\3.0.0\springfox-spring-web-3.0.0.jar;D:\toolData\mavenRepository\io\github\classgraph\classgraph\4.8.83\classgraph-4.8.83.jar;D:\toolData\mavenRepository\io\springfox\springfox-spring-webflux\3.0.0\springfox-spring-webflux-3.0.0.jar;D:\toolData\mavenRepository\org\mapstruct\mapstruct\1.3.1.Final\mapstruct-1.3.1.Final.jar;D:\toolData\mavenRepository\io\springfox\springfox-spring-webmvc\3.0.0\springfox-spring-webmvc-3.0.0.jar;D:\toolData\mavenRepository\io\springfox\springfox-core\3.0.0\springfox-core-3.0.0.jar;D:\toolData\mavenRepository\io\springfox\springfox-oas\3.0.0\springfox-oas-3.0.0.jar;D:\toolData\mavenRepository\io\swagger\core\v3\swagger-models\2.1.2\swagger-models-2.1.2.jar;D:\toolData\mavenRepository\io\springfox\springfox-bean-validators\3.0.0\springfox-bean-validators-3.0.0.jar;D:\toolData\mavenRepository\io\swagger\swagger-models\1.5.22\swagger-models-1.5.22.jar;D:\toolData\mavenRepository\io\swagger\swagger-core\1.5.22\swagger-core-1.5.22.jar;D:\toolData\mavenRepository\org\apache\commons\commons-lang3\3.10\commons-lang3-3.10.jar;D:\toolData\mavenRepository\com\fasterxml\jackson\dataformat\jackson-dataformat-yaml\2.11.4\jackson-dataformat-yaml-2.11.4.jar;D:\toolData\mavenRepository\com\google\guava\guava\27.0.1-android\guava-27.0.1-android.jar;D:\toolData\mavenRepository\com\google\guava\failureaccess\1.0.1\failureaccess-1.0.1.jar;D:\toolData\mavenRepository\com\google\guava\listenablefuture\9999.0-empty-to-avoid-conflict-with-guava\listenablefuture-9999.0-empty-to-avoid-conflict-with-guava.jar;D:\toolData\mavenRepository\com\google\code\findbugs\jsr305\3.0.2\jsr305-3.0.2.jar;D:\toolData\mavenRepository\org\checkerframework\checker-compat-qual\2.5.2\checker-compat-qual-2.5.2.jar;D:\toolData\mavenRepository\com\google\errorprone\error_prone_annotations\2.2.0\error_prone_annotations-2.2.0.jar;D:\toolData\mavenRepository\com\google\j2objc\j2objc-annotations\1.1\j2objc-annotations-1.1.jar;D:\toolData\mavenRepository\org\codehaus\mojo\animal-sniffer-annotations\1.17\animal-sniffer-annotations-1.17.jar;D:\toolData\mavenRepository\javax\validation\validation-api\2.0.1.Final\validation-api-2.0.1.Final.jar;D:\toolData\mavenRepository\io\springfox\springfox-boot-starter\3.0.0\springfox-boot-starter-3.0.0.jar;D:\toolData\mavenRepository\io\springfox\springfox-data-rest\3.0.0\springfox-data-rest-3.0.0.jar;D:\toolData\mavenRepository\com\fasterxml\classmate\1.5.1\classmate-1.5.1.jar;D:\toolData\mavenRepository\org\springframework\plugin\spring-plugin-core\2.0.0.RELEASE\spring-plugin-core-2.0.0.RELEASE.jar;D:\toolData\mavenRepository\org\springframework\plugin\spring-plugin-metadata\2.0.0.RELEASE\spring-plugin-metadata-2.0.0.RELEASE.jar;D:\toolData\mavenRepository\com\github\xiaoymin\knife4j-spring-ui\3.0.3\knife4j-spring-ui-3.0.3.jar;D:\toolData\mavenRepository\io\jsonwebtoken\jjwt\0.9.1\jjwt-0.9.1.jar;D:\toolData\mavenRepository\com\fasterxml\jackson\core\jackson-databind\2.11.4\jackson-databind-2.11.4.jar;D:\toolData\mavenRepository\com\fasterxml\jackson\core\jackson-annotations\2.11.4\jackson-annotations-2.11.4.jar;D:\toolData\mavenRepository\com\fasterxml\jackson\core\jackson-core\2.11.4\jackson-core-2.11.4.jar;D:\toolData\mavenRepository\org\springframework\boot\spring-boot-starter-data-redis\2.3.12.RELEASE\spring-boot-starter-data-redis-2.3.12.RELEASE.jar;D:\toolData\mavenRepository\org\springframework\data\spring-data-redis\2.3.9.RELEASE\spring-data-redis-2.3.9.RELEASE.jar;D:\toolData\mavenRepository\org\springframework\data\spring-data-keyvalue\2.3.9.RELEASE\spring-data-keyvalue-2.3.9.RELEASE.jar;D:\toolData\mavenRepository\org\springframework\data\spring-data-commons\2.3.9.RELEASE\spring-data-commons-2.3.9.RELEASE.jar;D:\toolData\mavenRepository\org\springframework\spring-tx\5.2.15.RELEASE\spring-tx-5.2.15.RELEASE.jar;D:\toolData\mavenRepository\org\springframework\spring-oxm\5.2.15.RELEASE\spring-oxm-5.2.15.RELEASE.jar;D:\toolData\mavenRepository\org\springframework\spring-context-support\5.2.15.RELEASE\spring-context-support-5.2.15.RELEASE.jar;D:\toolData\mavenRepository\io\lettuce\lettuce-core\5.3.7.RELEASE\lettuce-core-5.3.7.RELEASE.jar;D:\toolData\mavenRepository\io\netty\netty-common\4.1.65.Final\netty-common-4.1.65.Final.jar;D:\toolData\mavenRepository\io\netty\netty-handler\4.1.65.Final\netty-handler-4.1.65.Final.jar;D:\toolData\mavenRepository\io\netty\netty-resolver\4.1.65.Final\netty-resolver-4.1.65.Final.jar;D:\toolData\mavenRepository\io\netty\netty-buffer\4.1.65.Final\netty-buffer-4.1.65.Final.jar;D:\toolData\mavenRepository\io\netty\netty-codec\4.1.65.Final\netty-codec-4.1.65.Final.jar;D:\toolData\mavenRepository\io\netty\netty-transport\4.1.65.Final\netty-transport-4.1.65.Final.jar;D:\toolData\mavenRepository\io\projectreactor\reactor-core\3.3.17.RELEASE\reactor-core-3.3.17.RELEASE.jar;D:\toolData\mavenRepository\org\reactivestreams\reactive-streams\1.0.3\reactive-streams-1.0.3.jar;D:\toolData\mavenRepository\commons-io\commons-io\2.11.0\commons-io-2.11.0.jar;"/>
    <property name="sun.cpu.endian" value="little"/>
    <property name="user.home" value="C:\Users\qinhy"/>
    <property name="user.language" value="zh"/>
    <property name="java.specification.vendor" value="Oracle Corporation"/>
    <property name="java.version.date" value="2022-04-19"/>
    <property name="java.home" value="D:\tool\idea\jbr"/>
    <property name="file.separator" value="\"/>
    <property name="basedir" value="D:\classDesign\Android\cat-pc"/>
    <property name="java.vm.compressedOopsMode" value="Zero based"/>
    <property name="line.separator" value="&#10;"/>
    <property name="java.specification.name" value="Java Platform API Specification"/>
    <property name="java.vm.specification.vendor" value="Oracle Corporation"/>
    <property name="java.awt.graphicsenv" value="sun.awt.Win32GraphicsEnvironment"/>
    <property name="surefire.real.class.path" value="C:\Users\qinhy\AppData\Local\Temp\surefire6361361973159461101\surefirebooter10878824801252940040.jar"/>
    <property name="user.script" value=""/>
    <property name="sun.management.compiler" value="HotSpot 64-Bit Tiered Compilers"/>
    <property name="java.runtime.version" value="11.0.15+10-b2043.56"/>
    <property name="user.name" value="qinhy"/>
    <property name="path.separator" value=";"/>
    <property name="os.version" value="10.0"/>
    <property name="java.runtime.name" value="OpenJDK Runtime Environment"/>
    <property name="file.encoding" value="GBK"/>
    <property name="java.vm.name" value="OpenJDK 64-Bit Server VM"/>
    <property name="java.vendor.version" value="JBR-11.0.15.10-2043.56-jcef"/>
    <property name="localRepository" value="D:\toolData\mavenRepository"/>
    <property name="java.vendor.url.bug" value="https://bugreport.java.com/bugreport/"/>
    <property name="java.io.tmpdir" value="C:\Users\qinhy\AppData\Local\Temp\"/>
    <property name="idea.version" value="2022.1.3"/>
    <property name="java.version" value="11.0.15"/>
    <property name="user.dir" value="D:\classDesign\Android\cat-pc"/>
    <property name="os.arch" value="amd64"/>
    <property name="java.vm.specification.name" value="Java Virtual Machine Specification"/>
    <property name="java.awt.printerjob" value="sun.awt.windows.WPrinterJob"/>
    <property name="sun.os.patch.level" value=""/>
    <property name="java.library.path" value="D:\tool\idea\jbr\bin;C:\WINDOWS\Sun\Java\bin;C:\WINDOWS\system32;C:\WINDOWS;D:\environment\Anaconda3\condabin;D:\tool\Oracle\product\12.2.0\dbhome_1\bin;D:\tool\VanDyke Software\Clients\;D:\tool\SecureFX\;C:\WINDOWS\system32;C:\WINDOWS;C:\WINDOWS\System32\Wbem;C:\WINDOWS\System32\WindowsPowerShell\v1.0\;C:\WINDOWS\System32\OpenSSH\;D:\environment\java\jdk8\bin;D:\environment\mysql\mysql57\bin;D:\environment\maven\bin;D:\tool\Microsoft VS Code\bin;D:\environment\nodejs;D:\environment\nodejs\node_global;D:\tool\sublimeText;D:\tool\Git\cmd;D:\tool\jmeter\bin;D:\environment\mingw64\bin;C:\Program Files\NVIDIA Corporation\NVIDIA NvDLISR;C:\Program Files\dotnet\;D:\environment\android\tools;D:\environment\android\platform-tools;D:\environment\android\build-tools\34.0.0;D:\environment\gradle\bin;D:\environment\php;D:\environment\python;D:\environment\python\Scripts;C:\Program Files (x86)\NVIDIA Corporation\PhysX\Common;D:\environment\Anaconda3;D:\environment\Anaconda3\Scripts;D:\environment\Anaconda3\Library\bin;C:\Users\qinhy\AppData\Local\Microsoft\WindowsApps;;."/>
    <property name="java.vm.info" value="mixed mode"/>
    <property name="java.vendor" value="JetBrains s.r.o."/>
    <property name="java.vm.version" value="11.0.15+10-b2043.56"/>
    <property name="sun.io.unicode.encoding" value="UnicodeLittle"/>
    <property name="java.class.version" value="55.0"/>
  </properties>
  <testcase name="testUserMapper" classname="MapperTest" time="1.359"/>
</testsuite>